  tp2.cpp
c:\users\alexs\desktop\udes\hiver2021\visu-imn403\tp2\tp2_git\tp2\tp2.cpp(44): warning C4305: 'initialisation' : troncation de 'double' à 'float'
c:\users\alexs\desktop\udes\hiver2021\visu-imn403\tp2\tp2_git\tp2\tp2.cpp(47): warning C4244: 'initialisation' : conversion de 'double' en 'int', perte possible de données
c:\users\alexs\desktop\udes\hiver2021\visu-imn403\tp2\tp2_git\tp2\tp2.cpp(121): warning C4244: 'return' : conversion de 'double' en 'float', perte possible de données
c:\users\alexs\desktop\udes\hiver2021\visu-imn403\tp2\tp2_git\tp2\tp2.cpp(131): warning C4018: '<=' : incompatibilité signed/unsigned
c:\users\alexs\desktop\udes\hiver2021\visu-imn403\tp2\tp2_git\tp2\tp2.cpp(133): warning C4244: '=' : conversion de 'double' en 'float', perte possible de données
c:\users\alexs\desktop\udes\hiver2021\visu-imn403\tp2\tp2_git\tp2\tp2.cpp(136): warning C4018: '<=' : incompatibilité signed/unsigned
c:\users\alexs\desktop\udes\hiver2021\visu-imn403\tp2\tp2_git\tp2\tp2.cpp(138): warning C4244: '=' : conversion de 'double' en 'float', perte possible de données
c:\users\alexs\desktop\udes\hiver2021\visu-imn403\tp2\tp2_git\tp2\tp2.cpp(156): warning C4305: 'initialisation' : troncation de 'double' à 'float'
c:\users\alexs\desktop\udes\hiver2021\visu-imn403\tp2\tp2_git\tp2\tp2.cpp(167): warning C4244: '=' : conversion de 'double' en 'float', perte possible de données
c:\users\alexs\desktop\udes\hiver2021\visu-imn403\tp2\tp2_git\tp2\tp2.cpp(168): warning C4244: '=' : conversion de 'const _Ty' en 'T', perte possible de données
          with
          [
              _Ty=double
          ]
          and
          [
              T=float
          ]
c:\users\alexs\desktop\udes\hiver2021\visu-imn403\tp2\tp2_git\tp2\tp2.cpp(169): warning C4244: '=' : conversion de 'const _Ty' en 'T', perte possible de données
          with
          [
              _Ty=double
          ]
          and
          [
              T=float
          ]
c:\users\alexs\desktop\udes\hiver2021\visu-imn403\tp2\tp2_git\tp2\tp2.cpp(170): warning C4244: '=' : conversion de 'const _Ty' en 'T', perte possible de données
          with
          [
              _Ty=double
          ]
          and
          [
              T=float
          ]
c:\users\alexs\desktop\udes\hiver2021\visu-imn403\tp2\tp2_git\tp2\tp2.cpp(178): warning C4244: '=' : conversion de 'double' en 'float', perte possible de données
c:\users\alexs\desktop\udes\hiver2021\visu-imn403\tp2\tp2_git\tp2\tp2.cpp(179): warning C4244: '=' : conversion de 'const _Ty' en 'T', perte possible de données
          with
          [
              _Ty=double
          ]
          and
          [
              T=float
          ]
c:\users\alexs\desktop\udes\hiver2021\visu-imn403\tp2\tp2_git\tp2\tp2.cpp(180): warning C4244: '=' : conversion de 'const _Ty' en 'T', perte possible de données
          with
          [
              _Ty=double
          ]
          and
          [
              T=float
          ]
c:\users\alexs\desktop\udes\hiver2021\visu-imn403\tp2\tp2_git\tp2\tp2.cpp(185): warning C4244: '=' : conversion de 'double' en 'float', perte possible de données
c:\users\alexs\desktop\udes\hiver2021\visu-imn403\tp2\tp2_git\tp2\tp2.cpp(186): warning C4244: '=' : conversion de 'const _Ty' en 'float', perte possible de données
          with
          [
              _Ty=double
          ]
c:\users\alexs\desktop\udes\hiver2021\visu-imn403\tp2\tp2_git\tp2\tp2.cpp(187): warning C4244: '=' : conversion de 'const _Ty' en 'float', perte possible de données
          with
          [
              _Ty=double
          ]
c:\users\alexs\desktop\udes\hiver2021\visu-imn403\tp2\tp2_git\tp2\tp2.cpp(188): warning C4244: '=' : conversion de 'const _Ty' en 'float', perte possible de données
          with
          [
              _Ty=double
          ]
c:\users\alexs\desktop\udes\hiver2021\visu-imn403\tp2\tp2_git\tp2\tp2.cpp(189): warning C4244: '=' : conversion de 'const _Ty' en 'float', perte possible de données
          with
          [
              _Ty=double
          ]
c:\users\alexs\desktop\udes\hiver2021\visu-imn403\tp2\tp2_git\tp2\tp2.cpp(194): warning C4244: '=' : conversion de 'double' en 'float', perte possible de données
c:\users\alexs\desktop\udes\hiver2021\visu-imn403\tp2\tp2_git\tp2\tp2.cpp(195): warning C4244: '=' : conversion de 'const _Ty' en 'float', perte possible de données
          with
          [
              _Ty=double
          ]
c:\users\alexs\desktop\udes\hiver2021\visu-imn403\tp2\tp2_git\tp2\tp2.cpp(196): warning C4244: '=' : conversion de 'const _Ty' en 'float', perte possible de données
          with
          [
              _Ty=double
          ]
c:\users\alexs\desktop\udes\hiver2021\visu-imn403\tp2\tp2_git\tp2\tp2.cpp(197): warning C4244: '=' : conversion de 'const _Ty' en 'float', perte possible de données
          with
          [
              _Ty=double
          ]
c:\users\alexs\desktop\udes\hiver2021\visu-imn403\tp2\tp2_git\tp2\tp2.cpp(405): warning C4244: 'initialisation' : conversion de 'double' en 'float', perte possible de données
c:\users\alexs\desktop\udes\hiver2021\visu-imn403\tp2\tp2_git\tp2\tp2.cpp(418): warning C4018: '<' : incompatibilité signed/unsigned
c:\users\alexs\desktop\udes\hiver2021\visu-imn403\tp2\tp2_git\tp2\tp2.cpp(460): warning C4244: '=' : conversion de 'double' en 'float', perte possible de données
c:\users\alexs\desktop\udes\hiver2021\visu-imn403\tp2\tp2_git\tp2\tp2.cpp(730): warning C4244: '=' : conversion de 'double' en 'float', perte possible de données
c:\users\alexs\desktop\udes\hiver2021\visu-imn403\tp2\tp2_git\tp2\tp2.cpp(731): warning C4244: '=' : conversion de 'double' en 'float', perte possible de données
c:\users\alexs\desktop\udes\hiver2021\visu-imn403\tp2\tp2_git\tp2\tp2.cpp(741): warning C4244: '+=' : conversion de 'double' en 'GLfloat', perte possible de données
c:\users\alexs\desktop\udes\hiver2021\visu-imn403\tp2\tp2_git\tp2\tp2.cpp(765): warning C4244: '=' : conversion de 'double' en 'int', perte possible de données
c:\users\alexs\desktop\udes\hiver2021\visu-imn403\tp2\tp2_git\tp2\tp2.cpp(780): warning C4244: '=' : conversion de 'double' en 'int', perte possible de données
c:\users\alexs\desktop\udes\hiver2021\visu-imn403\tp2\tp2_git\tp2\tp2.cpp(830): warning C4018: '<' : incompatibilité signed/unsigned
  tp2.vcxproj -> C:\Users\alexs\Desktop\UdeS\Hiver2021\Visu-IMN403\TP2\tp2_git\Debug\tp2.exe
